Copyright 1986-2022 Xilinx, Inc. All Rights Reserved. Copyright 2022-2025 Advanced Micro Devices, Inc. All Rights Reserved.
---------------------------------------------------------------------------------------------------------------------------------------------
| Tool Version : Vivado v.2025.2 (win64) Build 6299465 Fri Nov 14 19:35:11 GMT 2025
| Date         : Fri May  8 16:20:52 2026
| Host         : C28-2TK41601DB running 64-bit major release  (build 9200)
| Command      : report_control_sets -verbose -file top_basys3_control_sets_placed.rpt
| Design       : top_basys3
| Device       : xc7a35t
---------------------------------------------------------------------------------------------------------------------------------------------

Control Set Information

Table of Contents
-----------------
1. Summary
2. Histogram
3. Flip-Flop Distribution
4. Detailed Control Set Information

1. Summary
----------

+----------------------------------------------------------+-------+
|                          Status                          | Count |
+----------------------------------------------------------+-------+
| Total control sets                                       |     8 |
|    Minimum number of control sets                        |     8 |
|    Addition due to synthesis replication                 |     0 |
|    Addition due to physical synthesis replication        |     0 |
| Unused register locations in slices containing registers |    16 |
+----------------------------------------------------------+-------+
* Control sets can be merged at opt_design using control_set_merge or merge_equivalent_drivers
** Run report_qor_suggestions for automated merging and remapping suggestions


2. Histogram
------------

+--------------------+-------+
|       Fanout       | Count |
+--------------------+-------+
| Total control sets |     8 |
| >= 0 to < 4        |     2 |
| >= 4 to < 6        |     1 |
| >= 6 to < 8        |     0 |
| >= 8 to < 10       |     4 |
| >= 10 to < 12      |     0 |
| >= 12 to < 14      |     0 |
| >= 14 to < 16      |     0 |
| >= 16              |     1 |
+--------------------+-------+
* Control sets can be remapped at either synth_design or opt_design


3. Flip-Flop Distribution
-------------------------

+--------------+-----------------------+------------------------+-----------------+--------------+
| Clock Enable | Synchronous Set/Reset | Asynchronous Set/Reset | Total Registers | Total Slices |
+--------------+-----------------------+------------------------+-----------------+--------------+
| No           | No                    | No                     |              10 |            6 |
| No           | No                    | Yes                    |              34 |           10 |
| No           | Yes                   | No                     |               0 |            0 |
| Yes          | No                    | No                     |               0 |            0 |
| Yes          | No                    | Yes                    |               0 |            0 |
| Yes          | Yes                   | No                     |              28 |           14 |
+--------------+-----------------------+------------------------+-----------------+--------------+


4. Detailed Control Set Information
-----------------------------------

+-------------------------+----------------------+------------------+------------------+----------------+--------------+
|       Clock Signal      |     Enable Signal    | Set/Reset Signal | Slice Load Count | Bel Load Count | Bels / Slice |
+-------------------------+----------------------+------------------+------------------+----------------+--------------+
|  clkdiv/CLK             |                      | btnU_IBUF        |                2 |              2 |         1.00 |
|  clk_IBUF_BUFG          |                      |                  |                1 |              2 |         2.00 |
|  clk_IBUF_BUFG          | fsm/i_adv            | btnU_IBUF        |                1 |              4 |         4.00 |
| ~op_latched_reg_n_0_[2] |                      |                  |                5 |              8 |         1.60 |
|  clk_IBUF_BUFG          | fsm/btnC_prev_reg[0] | btnU_IBUF        |                4 |              8 |         2.00 |
|  clk_IBUF_BUFG          | fsm/B_latched[0]     | btnU_IBUF        |                5 |              8 |         1.60 |
|  clk_IBUF_BUFG          | fsm/E[0]             | btnU_IBUF        |                4 |              8 |         2.00 |
|  clk_IBUF_BUFG          |                      | btnL_IBUF        |                8 |             32 |         4.00 |
+-------------------------+----------------------+------------------+------------------+----------------+--------------+


